{"/Users/danlaurent/dev/TVMazeApp/App.tsx": {"path":"/Users/danlaurent/dev/TVMazeApp/App.tsx","statementMap":{"0":{"start":{"line":9,"column":2},"end":{"line":16,"column":4}}},"fnMap":{"0":{"name":"App","decl":{"start":{"line":8,"column":24},"end":{"line":8,"column":27}},"loc":{"start":{"line":8,"column":30},"end":{"line":17,"column":1}},"line":8}},"branchMap":{},"s":{"0":0},"f":{"0":0},"b":{}}
,"/Users/danlaurent/dev/TVMazeApp/src/components/Button/index.tsx": {"path":"/Users/danlaurent/dev/TVMazeApp/src/components/Button/index.tsx","statementMap":{"0":{"start":{"line":6,"column":15},"end":{"line":20,"column":2}},"1":{"start":{"line":22,"column":15},"end":{"line":26,"column":1}},"2":{"start":{"line":23,"column":2},"end":{"line":25,"column":21}}},"fnMap":{"0":{"name":"(anonymous_0)","decl":{"start":{"line":22,"column":15},"end":{"line":22,"column":16}},"loc":{"start":{"line":23,"column":2},"end":{"line":25,"column":21}},"line":23}},"branchMap":{},"s":{"0":2,"1":2,"2":5},"f":{"0":5},"b":{},"_coverageSchema":"1a1c01bbd47fc00a2c39e90264f33305004495a9","hash":"c5953acbf9ee22abbae2f341b019cd78b9bda0e7"}
,"/Users/danlaurent/dev/TVMazeApp/src/components/Button/interface.ts": {"path":"/Users/danlaurent/dev/TVMazeApp/src/components/Button/interface.ts","statementMap":{},"fnMap":{},"branchMap":{},"s":{},"f":{},"b":{}}
,"/Users/danlaurent/dev/TVMazeApp/src/components/DetailsMainInfo/index.tsx": {"path":"/Users/danlaurent/dev/TVMazeApp/src/components/DetailsMainInfo/index.tsx","statementMap":{"0":{"start":{"line":7,"column":15},"end":{"line":30,"column":2}},"1":{"start":{"line":32,"column":24},"end":{"line":59,"column":1}},"2":{"start":{"line":40,"column":2},"end":{"line":58,"column":9}}},"fnMap":{"0":{"name":"(anonymous_0)","decl":{"start":{"line":32,"column":24},"end":{"line":32,"column":25}},"loc":{"start":{"line":40,"column":2},"end":{"line":58,"column":9}},"line":40}},"branchMap":{"0":{"loc":{"start":{"line":37,"column":2},"end":{"line":37,"column":18}},"type":"default-arg","locations":[{"start":{"line":37,"column":10},"end":{"line":37,"column":18}}],"line":37},"1":{"loc":{"start":{"line":42,"column":5},"end":{"line":46,"column":12}},"type":"cond-expr","locations":[{"start":{"line":43,"column":6},"end":{"line":45,"column":13}},{"start":{"line":46,"column":8},"end":{"line":46,"column":12}}],"line":42},"2":{"loc":{"start":{"line":47,"column":5},"end":{"line":51,"column":12}},"type":"cond-expr","locations":[{"start":{"line":48,"column":6},"end":{"line":50,"column":13}},{"start":{"line":51,"column":8},"end":{"line":51,"column":12}}],"line":47},"3":{"loc":{"start":{"line":55,"column":9},"end":{"line":55,"column":22}},"type":"binary-expr","locations":[{"start":{"line":55,"column":9},"end":{"line":55,"column":15}},{"start":{"line":55,"column":19},"end":{"line":55,"column":22}}],"line":55}},"s":{"0":5,"1":5,"2":22},"f":{"0":22},"b":{"0":[18],"1":[19,3],"2":[9,13],"3":[22,6]},"_coverageSchema":"1a1c01bbd47fc00a2c39e90264f33305004495a9","hash":"4fb39718a9ff26f25afa75ada1fc188ae50b580d"}
,"/Users/danlaurent/dev/TVMazeApp/src/components/DetailsMainInfo/interface.ts": {"path":"/Users/danlaurent/dev/TVMazeApp/src/components/DetailsMainInfo/interface.ts","statementMap":{},"fnMap":{},"branchMap":{},"s":{},"f":{},"b":{}}
,"/Users/danlaurent/dev/TVMazeApp/src/components/Header/index.tsx": {"path":"/Users/danlaurent/dev/TVMazeApp/src/components/Header/index.tsx","statementMap":{"0":{"start":{"line":6,"column":15},"end":{"line":19,"column":2}},"1":{"start":{"line":21,"column":15},"end":{"line":30,"column":1}},"2":{"start":{"line":22,"column":2},"end":{"line":29,"column":9}}},"fnMap":{"0":{"name":"(anonymous_0)","decl":{"start":{"line":21,"column":15},"end":{"line":21,"column":16}},"loc":{"start":{"line":22,"column":2},"end":{"line":29,"column":9}},"line":22}},"branchMap":{},"s":{"0":3,"1":3,"2":9},"f":{"0":9},"b":{},"_coverageSchema":"1a1c01bbd47fc00a2c39e90264f33305004495a9","hash":"81669410137b09a47186576f46b8349ca0f1864f"}
,"/Users/danlaurent/dev/TVMazeApp/src/components/Header/interface.ts": {"path":"/Users/danlaurent/dev/TVMazeApp/src/components/Header/interface.ts","statementMap":{},"fnMap":{},"branchMap":{},"s":{},"f":{},"b":{}}
,"/Users/danlaurent/dev/TVMazeApp/src/components/Loading/index.tsx": {"path":"/Users/danlaurent/dev/TVMazeApp/src/components/Loading/index.tsx","statementMap":{"0":{"start":{"line":4,"column":15},"end":{"line":11,"column":2}},"1":{"start":{"line":13,"column":16},"end":{"line":17,"column":1}},"2":{"start":{"line":14,"column":2},"end":{"line":16,"column":9}}},"fnMap":{"0":{"name":"(anonymous_0)","decl":{"start":{"line":13,"column":16},"end":{"line":13,"column":17}},"loc":{"start":{"line":14,"column":2},"end":{"line":16,"column":9}},"line":14}},"branchMap":{},"s":{"0":2,"1":2,"2":6},"f":{"0":6},"b":{},"_coverageSchema":"1a1c01bbd47fc00a2c39e90264f33305004495a9","hash":"2b812d50b2d167aa7528ff58b5f714098ae10ec5"}
,"/Users/danlaurent/dev/TVMazeApp/src/components/Poster/index.tsx": {"path":"/Users/danlaurent/dev/TVMazeApp/src/components/Poster/index.tsx","statementMap":{"0":{"start":{"line":11,"column":15},"end":{"line":36,"column":2}},"1":{"start":{"line":38,"column":15},"end":{"line":59,"column":1}},"2":{"start":{"line":39,"column":2},"end":{"line":58,"column":9}}},"fnMap":{"0":{"name":"(anonymous_0)","decl":{"start":{"line":38,"column":15},"end":{"line":38,"column":16}},"loc":{"start":{"line":39,"column":2},"end":{"line":58,"column":9}},"line":39}},"branchMap":{"0":{"loc":{"start":{"line":38,"column":26},"end":{"line":38,"column":40}},"type":"default-arg","locations":[{"start":{"line":38,"column":33},"end":{"line":38,"column":40}}],"line":38},"1":{"loc":{"start":{"line":40,"column":5},"end":{"line":57,"column":5}},"type":"cond-expr","locations":[{"start":{"line":41,"column":6},"end":{"line":45,"column":8}},{"start":{"line":47,"column":6},"end":{"line":56,"column":13}}],"line":40}},"s":{"0":4,"1":4,"2":12},"f":{"0":12},"b":{"0":[3],"1":[6,6]},"_coverageSchema":"1a1c01bbd47fc00a2c39e90264f33305004495a9","hash":"a15f7ca051d74c4831c17c986da27ebc03fab259"}
,"/Users/danlaurent/dev/TVMazeApp/src/components/Poster/interface.ts": {"path":"/Users/danlaurent/dev/TVMazeApp/src/components/Poster/interface.ts","statementMap":{},"fnMap":{},"branchMap":{},"s":{},"f":{},"b":{}}
,"/Users/danlaurent/dev/TVMazeApp/src/components/SearchBar/index.tsx": {"path":"/Users/danlaurent/dev/TVMazeApp/src/components/SearchBar/index.tsx","statementMap":{"0":{"start":{"line":7,"column":15},"end":{"line":18,"column":2}},"1":{"start":{"line":20,"column":18},"end":{"line":43,"column":1}},"2":{"start":{"line":28,"column":2},"end":{"line":42,"column":9}}},"fnMap":{"0":{"name":"(anonymous_0)","decl":{"start":{"line":20,"column":18},"end":{"line":20,"column":19}},"loc":{"start":{"line":28,"column":2},"end":{"line":42,"column":9}},"line":28}},"branchMap":{},"s":{"0":1,"1":1,"2":3},"f":{"0":3},"b":{},"_coverageSchema":"1a1c01bbd47fc00a2c39e90264f33305004495a9","hash":"bd741175a31634dc66817e4b1978d8deba9fa396"}
,"/Users/danlaurent/dev/TVMazeApp/src/components/SearchBar/interface.ts": {"path":"/Users/danlaurent/dev/TVMazeApp/src/components/SearchBar/interface.ts","statementMap":{},"fnMap":{},"branchMap":{},"s":{},"f":{},"b":{}}
,"/Users/danlaurent/dev/TVMazeApp/src/components/SearchInput/index.tsx": {"path":"/Users/danlaurent/dev/TVMazeApp/src/components/SearchInput/index.tsx","statementMap":{"0":{"start":{"line":12,"column":15},"end":{"line":27,"column":2}},"1":{"start":{"line":29,"column":20},"end":{"line":46,"column":1}},"2":{"start":{"line":35,"column":2},"end":{"line":45,"column":9}}},"fnMap":{"0":{"name":"(anonymous_0)","decl":{"start":{"line":29,"column":20},"end":{"line":29,"column":21}},"loc":{"start":{"line":35,"column":2},"end":{"line":45,"column":9}},"line":35}},"branchMap":{},"s":{"0":2,"1":2,"2":5},"f":{"0":5},"b":{},"_coverageSchema":"1a1c01bbd47fc00a2c39e90264f33305004495a9","hash":"4c0268cb0a03ad0fc6829dcf880b3b6362bb2c94"}
,"/Users/danlaurent/dev/TVMazeApp/src/components/SearchInput/interface.ts": {"path":"/Users/danlaurent/dev/TVMazeApp/src/components/SearchInput/interface.ts","statementMap":{},"fnMap":{},"branchMap":{},"s":{},"f":{},"b":{}}
,"/Users/danlaurent/dev/TVMazeApp/src/components/Season/index.tsx": {"path":"/Users/danlaurent/dev/TVMazeApp/src/components/Season/index.tsx","statementMap":{"0":{"start":{"line":12,"column":15},"end":{"line":46,"column":2}},"1":{"start":{"line":48,"column":15},"end":{"line":75,"column":1}},"2":{"start":{"line":49,"column":2},"end":{"line":74,"column":9}},"3":{"start":{"line":57,"column":8},"end":{"line":71,"column":27}},"4":{"start":{"line":61,"column":25},"end":{"line":61,"column":48}}},"fnMap":{"0":{"name":"(anonymous_0)","decl":{"start":{"line":48,"column":15},"end":{"line":48,"column":16}},"loc":{"start":{"line":49,"column":2},"end":{"line":74,"column":9}},"line":49},"1":{"name":"(anonymous_1)","decl":{"start":{"line":48,"column":43},"end":{"line":48,"column":44}},"loc":{"start":{"line":48,"column":49},"end":{"line":48,"column":51}},"line":48},"2":{"name":"(anonymous_2)","decl":{"start":{"line":56,"column":27},"end":{"line":56,"column":28}},"loc":{"start":{"line":57,"column":8},"end":{"line":71,"column":27}},"line":57},"3":{"name":"(anonymous_3)","decl":{"start":{"line":61,"column":19},"end":{"line":61,"column":20}},"loc":{"start":{"line":61,"column":25},"end":{"line":61,"column":48}},"line":61}},"branchMap":{"0":{"loc":{"start":{"line":48,"column":26},"end":{"line":48,"column":51}},"type":"default-arg","locations":[{"start":{"line":48,"column":43},"end":{"line":48,"column":51}}],"line":48}},"s":{"0":2,"1":2,"2":13,"3":11,"4":2},"f":{"0":13,"1":0,"2":11,"3":2},"b":{"0":[2]},"_coverageSchema":"1a1c01bbd47fc00a2c39e90264f33305004495a9","hash":"bb26a498ae6b035b7fedcbdc82c6945e4ff83118"}
,"/Users/danlaurent/dev/TVMazeApp/src/components/Season/interface.ts": {"path":"/Users/danlaurent/dev/TVMazeApp/src/components/Season/interface.ts","statementMap":{},"fnMap":{},"branchMap":{},"s":{},"f":{},"b":{}}
,"/Users/danlaurent/dev/TVMazeApp/src/components/ShowList/index.tsx": {"path":"/Users/danlaurent/dev/TVMazeApp/src/components/ShowList/index.tsx","statementMap":{"0":{"start":{"line":6,"column":15},"end":{"line":10,"column":2}},"1":{"start":{"line":12,"column":17},"end":{"line":37,"column":1}},"2":{"start":{"line":13,"column":2},"end":{"line":35,"column":3}},"3":{"start":{"line":14,"column":4},"end":{"line":34,"column":6}},"4":{"start":{"line":19,"column":10},"end":{"line":27,"column":12}},"5":{"start":{"line":31,"column":32},"end":{"line":31,"column":50}},"6":{"start":{"line":36,"column":2},"end":{"line":36,"column":14}}},"fnMap":{"0":{"name":"(anonymous_0)","decl":{"start":{"line":12,"column":17},"end":{"line":12,"column":18}},"loc":{"start":{"line":12,"column":79},"end":{"line":37,"column":1}},"line":12},"1":{"name":"(anonymous_1)","decl":{"start":{"line":18,"column":20},"end":{"line":18,"column":21}},"loc":{"start":{"line":18,"column":34},"end":{"line":28,"column":9}},"line":18},"2":{"name":"(anonymous_2)","decl":{"start":{"line":31,"column":22},"end":{"line":31,"column":23}},"loc":{"start":{"line":31,"column":32},"end":{"line":31,"column":50}},"line":31}},"branchMap":{"0":{"loc":{"start":{"line":13,"column":2},"end":{"line":35,"column":3}},"type":"if","locations":[{"start":{"line":13,"column":2},"end":{"line":35,"column":3}},{"start":{},"end":{}}],"line":13},"1":{"loc":{"start":{"line":13,"column":6},"end":{"line":13,"column":31}},"type":"binary-expr","locations":[{"start":{"line":13,"column":6},"end":{"line":13,"column":11}},{"start":{"line":13,"column":15},"end":{"line":13,"column":31}}],"line":13}},"s":{"0":1,"1":1,"2":3,"3":2,"4":2,"5":2,"6":1},"f":{"0":3,"1":2,"2":2},"b":{"0":[2,1],"1":[3,3]},"_coverageSchema":"1a1c01bbd47fc00a2c39e90264f33305004495a9","hash":"52db708930d7debd8c854586a1d416fa2dcb631b"}
,"/Users/danlaurent/dev/TVMazeApp/src/components/ShowList/interface.ts": {"path":"/Users/danlaurent/dev/TVMazeApp/src/components/ShowList/interface.ts","statementMap":{},"fnMap":{},"branchMap":{},"s":{},"f":{},"b":{}}
,"/Users/danlaurent/dev/TVMazeApp/src/components/ShowListItem/index.tsx": {"path":"/Users/danlaurent/dev/TVMazeApp/src/components/ShowListItem/index.tsx","statementMap":{"0":{"start":{"line":10,"column":15},"end":{"line":17,"column":2}},"1":{"start":{"line":19,"column":21},"end":{"line":36,"column":1}},"2":{"start":{"line":20,"column":2},"end":{"line":35,"column":4}},"3":{"start":{"line":24,"column":21},"end":{"line":24,"column":37}}},"fnMap":{"0":{"name":"(anonymous_0)","decl":{"start":{"line":19,"column":21},"end":{"line":19,"column":22}},"loc":{"start":{"line":19,"column":78},"end":{"line":36,"column":1}},"line":19},"1":{"name":"(anonymous_1)","decl":{"start":{"line":19,"column":40},"end":{"line":19,"column":41}},"loc":{"start":{"line":19,"column":46},"end":{"line":19,"column":48}},"line":19},"2":{"name":"(anonymous_2)","decl":{"start":{"line":24,"column":15},"end":{"line":24,"column":16}},"loc":{"start":{"line":24,"column":21},"end":{"line":24,"column":37}},"line":24}},"branchMap":{"0":{"loc":{"start":{"line":19,"column":30},"end":{"line":19,"column":48}},"type":"default-arg","locations":[{"start":{"line":19,"column":40},"end":{"line":19,"column":48}}],"line":19}},"s":{"0":2,"1":2,"2":4,"3":1},"f":{"0":4,"1":0,"2":1},"b":{"0":[2]},"_coverageSchema":"1a1c01bbd47fc00a2c39e90264f33305004495a9","hash":"666a94874ffc2a367ef894556e7e96aa9f76226a"}
,"/Users/danlaurent/dev/TVMazeApp/src/components/ShowListItem/interface.ts": {"path":"/Users/danlaurent/dev/TVMazeApp/src/components/ShowListItem/interface.ts","statementMap":{},"fnMap":{},"branchMap":{},"s":{},"f":{},"b":{}}
,"/Users/danlaurent/dev/TVMazeApp/src/components/Summary/index.tsx": {"path":"/Users/danlaurent/dev/TVMazeApp/src/components/Summary/index.tsx","statementMap":{"0":{"start":{"line":7,"column":15},"end":{"line":12,"column":2}},"1":{"start":{"line":14,"column":16},"end":{"line":18,"column":1}},"2":{"start":{"line":15,"column":2},"end":{"line":17,"column":9}}},"fnMap":{"0":{"name":"(anonymous_0)","decl":{"start":{"line":14,"column":16},"end":{"line":14,"column":17}},"loc":{"start":{"line":15,"column":2},"end":{"line":17,"column":9}},"line":15}},"branchMap":{"0":{"loc":{"start":{"line":14,"column":19},"end":{"line":14,"column":31}},"type":"default-arg","locations":[{"start":{"line":14,"column":29},"end":{"line":14,"column":31}}],"line":14}},"s":{"0":3,"1":3,"2":8},"f":{"0":8},"b":{"0":[5]},"_coverageSchema":"1a1c01bbd47fc00a2c39e90264f33305004495a9","hash":"3f8b6babe632798081733ecbb854f1d3e4793146"}
,"/Users/danlaurent/dev/TVMazeApp/src/components/Summary/interface.ts": {"path":"/Users/danlaurent/dev/TVMazeApp/src/components/Summary/interface.ts","statementMap":{},"fnMap":{},"branchMap":{},"s":{},"f":{},"b":{}}
,"/Users/danlaurent/dev/TVMazeApp/src/constants/styles/colors.ts": {"path":"/Users/danlaurent/dev/TVMazeApp/src/constants/styles/colors.ts","statementMap":{"0":{"start":{"line":1,"column":20},"end":{"line":1,"column":29}},"1":{"start":{"line":2,"column":26},"end":{"line":2,"column":35}},"2":{"start":{"line":3,"column":33},"end":{"line":3,"column":42}},"3":{"start":{"line":4,"column":28},"end":{"line":4,"column":37}},"4":{"start":{"line":5,"column":36},"end":{"line":5,"column":45}},"5":{"start":{"line":6,"column":40},"end":{"line":6,"column":49}}},"fnMap":{},"branchMap":{},"s":{"0":11,"1":11,"2":11,"3":11,"4":11,"5":11},"f":{},"b":{},"_coverageSchema":"1a1c01bbd47fc00a2c39e90264f33305004495a9","hash":"b92781cf26db3d513bb615eb7716bdf6486e2619"}
,"/Users/danlaurent/dev/TVMazeApp/src/hooks/useFetch/index.ts": {"path":"/Users/danlaurent/dev/TVMazeApp/src/hooks/useFetch/index.ts","statementMap":{"0":{"start":{"line":5,"column":24},"end":{"line":58,"column":1}},"1":{"start":{"line":6,"column":26},"end":{"line":6,"column":45}},"2":{"start":{"line":7,"column":40},"end":{"line":7,"column":63}},"3":{"start":{"line":8,"column":26},"end":{"line":8,"column":50}},"4":{"start":{"line":9,"column":28},"end":{"line":9,"column":56}},"5":{"start":{"line":10,"column":32},"end":{"line":10,"column":56}},"6":{"start":{"line":12,"column":19},"end":{"line":12,"column":62}},"7":{"start":{"line":12,"column":37},"end":{"line":12,"column":57}},"8":{"start":{"line":14,"column":2},"end":{"line":55,"column":26}},"9":{"start":{"line":15,"column":4},"end":{"line":17,"column":5}},"10":{"start":{"line":16,"column":6},"end":{"line":16,"column":13}},"11":{"start":{"line":18,"column":22},"end":{"line":52,"column":5}},"12":{"start":{"line":19,"column":6},"end":{"line":19,"column":23}},"13":{"start":{"line":21,"column":29},"end":{"line":24,"column":7}},"14":{"start":{"line":25,"column":6},"end":{"line":49,"column":7}},"15":{"start":{"line":26,"column":27},"end":{"line":26,"column":64}},"16":{"start":{"line":28,"column":8},"end":{"line":28,"column":30}},"17":{"start":{"line":30,"column":8},"end":{"line":46,"column":9}},"18":{"start":{"line":31,"column":10},"end":{"line":41,"column":13}},"19":{"start":{"line":32,"column":12},"end":{"line":39,"column":13}},"20":{"start":{"line":33,"column":14},"end":{"line":38,"column":16}},"21":{"start":{"line":40,"column":12},"end":{"line":40,"column":27}},"22":{"start":{"line":43,"column":10},"end":{"line":43,"column":28}},"23":{"start":{"line":45,"column":10},"end":{"line":45,"column":27}},"24":{"start":{"line":48,"column":8},"end":{"line":48,"column":33}},"25":{"start":{"line":51,"column":6},"end":{"line":51,"column":24}},"26":{"start":{"line":54,"column":4},"end":{"line":54,"column":16}},"27":{"start":{"line":57,"column":2},"end":{"line":57,"column":50}}},"fnMap":{"0":{"name":"(anonymous_0)","decl":{"start":{"line":5,"column":24},"end":{"line":5,"column":25}},"loc":{"start":{"line":5,"column":59},"end":{"line":58,"column":1}},"line":5},"1":{"name":"(anonymous_1)","decl":{"start":{"line":12,"column":31},"end":{"line":12,"column":32}},"loc":{"start":{"line":12,"column":37},"end":{"line":12,"column":57}},"line":12},"2":{"name":"(anonymous_2)","decl":{"start":{"line":14,"column":12},"end":{"line":14,"column":13}},"loc":{"start":{"line":14,"column":18},"end":{"line":55,"column":3}},"line":14},"3":{"name":"(anonymous_3)","decl":{"start":{"line":18,"column":22},"end":{"line":18,"column":23}},"loc":{"start":{"line":18,"column":34},"end":{"line":52,"column":5}},"line":18},"4":{"name":"(anonymous_4)","decl":{"start":{"line":31,"column":18},"end":{"line":31,"column":19}},"loc":{"start":{"line":31,"column":44},"end":{"line":41,"column":11}},"line":31}},"branchMap":{"0":{"loc":{"start":{"line":15,"column":4},"end":{"line":17,"column":5}},"type":"if","locations":[{"start":{"line":15,"column":4},"end":{"line":17,"column":5}},{"start":{},"end":{}}],"line":15},"1":{"loc":{"start":{"line":23,"column":8},"end":{"line":23,"column":43}},"type":"cond-expr","locations":[{"start":{"line":23,"column":28},"end":{"line":23,"column":36}},{"start":{"line":23,"column":39},"end":{"line":23,"column":43}}],"line":23},"2":{"loc":{"start":{"line":30,"column":8},"end":{"line":46,"column":9}},"type":"if","locations":[{"start":{"line":30,"column":8},"end":{"line":46,"column":9}},{"start":{"line":44,"column":15},"end":{"line":46,"column":9}}],"line":30},"3":{"loc":{"start":{"line":32,"column":12},"end":{"line":39,"column":13}},"type":"if","locations":[{"start":{"line":32,"column":12},"end":{"line":39,"column":13}},{"start":{},"end":{}}],"line":32}},"s":{"0":1,"1":27,"2":27,"3":27,"4":27,"5":27,"6":27,"7":1,"8":27,"9":12,"10":7,"11":5,"12":5,"13":5,"14":5,"15":5,"16":4,"17":4,"18":3,"19":3,"20":1,"21":2,"22":3,"23":1,"24":1,"25":5,"26":5,"27":27},"f":{"0":27,"1":1,"2":12,"3":5,"4":3},"b":{"0":[7,5],"1":[3,2],"2":[3,1],"3":[1,2]},"_coverageSchema":"1a1c01bbd47fc00a2c39e90264f33305004495a9","hash":"4293b815b17eb61a04b0bc050abd79111b843f8f"}
,"/Users/danlaurent/dev/TVMazeApp/src/interface/shows.ts": {"path":"/Users/danlaurent/dev/TVMazeApp/src/interface/shows.ts","statementMap":{},"fnMap":{},"branchMap":{},"s":{},"f":{},"b":{}}
,"/Users/danlaurent/dev/TVMazeApp/src/navigation/ShowNavigator/index.tsx": {"path":"/Users/danlaurent/dev/TVMazeApp/src/navigation/ShowNavigator/index.tsx","statementMap":{"0":{"start":{"line":9,"column":14},"end":{"line":9,"column":36}},"1":{"start":{"line":11,"column":22},"end":{"line":27,"column":1}},"2":{"start":{"line":12,"column":2},"end":{"line":26,"column":4}}},"fnMap":{"0":{"name":"(anonymous_0)","decl":{"start":{"line":11,"column":22},"end":{"line":11,"column":23}},"loc":{"start":{"line":11,"column":28},"end":{"line":27,"column":1}},"line":11}},"branchMap":{},"s":{"0":0,"1":0,"2":0},"f":{"0":0},"b":{}}
,"/Users/danlaurent/dev/TVMazeApp/src/navigation/ShowNavigator/interface.ts": {"path":"/Users/danlaurent/dev/TVMazeApp/src/navigation/ShowNavigator/interface.ts","statementMap":{},"fnMap":{},"branchMap":{},"s":{},"f":{},"b":{}}
,"/Users/danlaurent/dev/TVMazeApp/src/navigation/TabNavigator/index.tsx": {"path":"/Users/danlaurent/dev/TVMazeApp/src/navigation/TabNavigator/index.tsx","statementMap":{"0":{"start":{"line":7,"column":12},"end":{"line":7,"column":38}},"1":{"start":{"line":9,"column":21},"end":{"line":38,"column":1}},"2":{"start":{"line":10,"column":2},"end":{"line":37,"column":4}},"3":{"start":{"line":28,"column":12},"end":{"line":32,"column":14}}},"fnMap":{"0":{"name":"(anonymous_0)","decl":{"start":{"line":9,"column":21},"end":{"line":9,"column":22}},"loc":{"start":{"line":9,"column":27},"end":{"line":38,"column":1}},"line":9},"1":{"name":"(anonymous_1)","decl":{"start":{"line":27,"column":22},"end":{"line":27,"column":23}},"loc":{"start":{"line":28,"column":12},"end":{"line":32,"column":14}},"line":28}},"branchMap":{"0":{"loc":{"start":{"line":31,"column":21},"end":{"line":31,"column":45}},"type":"cond-expr","locations":[{"start":{"line":31,"column":31},"end":{"line":31,"column":38}},{"start":{"line":31,"column":41},"end":{"line":31,"column":45}}],"line":31}},"s":{"0":0,"1":0,"2":0,"3":0},"f":{"0":0,"1":0},"b":{"0":[0,0]}}
,"/Users/danlaurent/dev/TVMazeApp/src/screens/EpisodeDetails/index.tsx": {"path":"/Users/danlaurent/dev/TVMazeApp/src/screens/EpisodeDetails/index.tsx","statementMap":{"0":{"start":{"line":8,"column":15},"end":{"line":8,"column":39}},"1":{"start":{"line":10,"column":15},"end":{"line":18,"column":2}},"2":{"start":{"line":20,"column":29},"end":{"line":53,"column":1}},"3":{"start":{"line":26,"column":6},"end":{"line":26,"column":11}},"4":{"start":{"line":27,"column":2},"end":{"line":52,"column":4}},"5":{"start":{"line":31,"column":27},"end":{"line":31,"column":46}}},"fnMap":{"0":{"name":"(anonymous_0)","decl":{"start":{"line":20,"column":29},"end":{"line":20,"column":30}},"loc":{"start":{"line":23,"column":34},"end":{"line":53,"column":1}},"line":23},"1":{"name":"(anonymous_1)","decl":{"start":{"line":31,"column":21},"end":{"line":31,"column":22}},"loc":{"start":{"line":31,"column":27},"end":{"line":31,"column":46}},"line":31}},"branchMap":{},"s":{"0":1,"1":1,"2":1,"3":2,"4":2,"5":1},"f":{"0":2,"1":1},"b":{},"_coverageSchema":"1a1c01bbd47fc00a2c39e90264f33305004495a9","hash":"84bc96ec037b670173a861c392e5a9be42f33ac4"}
,"/Users/danlaurent/dev/TVMazeApp/src/screens/EpisodeDetails/interface.ts": {"path":"/Users/danlaurent/dev/TVMazeApp/src/screens/EpisodeDetails/interface.ts","statementMap":{},"fnMap":{},"branchMap":{},"s":{},"f":{},"b":{}}
,"/Users/danlaurent/dev/TVMazeApp/src/screens/Home/index.tsx": {"path":"/Users/danlaurent/dev/TVMazeApp/src/screens/Home/index.tsx","statementMap":{"0":{"start":{"line":23,"column":15},"end":{"line":33,"column":2}},"1":{"start":{"line":35,"column":19},"end":{"line":101,"column":1}},"2":{"start":{"line":36,"column":30},"end":{"line":36,"column":50}},"3":{"start":{"line":37,"column":38},"end":{"line":40,"column":3}},"4":{"start":{"line":41,"column":38},"end":{"line":41,"column":70}},"5":{"start":{"line":42,"column":36},"end":{"line":42,"column":51}},"6":{"start":{"line":44,"column":22},"end":{"line":50,"column":3}},"7":{"start":{"line":45,"column":45},"end":{"line":47,"column":5}},"8":{"start":{"line":48,"column":18},"end":{"line":48,"column":52}},"9":{"start":{"line":49,"column":4},"end":{"line":49,"column":25}},"10":{"start":{"line":52,"column":24},"end":{"line":60,"column":3}},"11":{"start":{"line":53,"column":4},"end":{"line":58,"column":5}},"12":{"start":{"line":54,"column":6},"end":{"line":54,"column":24}},"13":{"start":{"line":55,"column":6},"end":{"line":55,"column":20}},"14":{"start":{"line":57,"column":6},"end":{"line":57,"column":20}},"15":{"start":{"line":59,"column":4},"end":{"line":59,"column":29}},"16":{"start":{"line":62,"column":21},"end":{"line":62,"column":52}},"17":{"start":{"line":64,"column":2},"end":{"line":100,"column":4}},"18":{"start":{"line":73,"column":45},"end":{"line":73,"column":61}},"19":{"start":{"line":83,"column":14},"end":{"line":83,"column":66}},"20":{"start":{"line":90,"column":14},"end":{"line":90,"column":66}},"21":{"start":{"line":93,"column":14},"end":{"line":93,"column":25}}},"fnMap":{"0":{"name":"(anonymous_0)","decl":{"start":{"line":35,"column":19},"end":{"line":35,"column":20}},"loc":{"start":{"line":35,"column":57},"end":{"line":101,"column":1}},"line":35},"1":{"name":"(anonymous_1)","decl":{"start":{"line":44,"column":22},"end":{"line":44,"column":23}},"loc":{"start":{"line":44,"column":34},"end":{"line":50,"column":3}},"line":44},"2":{"name":"(anonymous_2)","decl":{"start":{"line":52,"column":24},"end":{"line":52,"column":25}},"loc":{"start":{"line":52,"column":30},"end":{"line":60,"column":3}},"line":52},"3":{"name":"(anonymous_3)","decl":{"start":{"line":73,"column":26},"end":{"line":73,"column":27}},"loc":{"start":{"line":73,"column":45},"end":{"line":73,"column":61}},"line":73},"4":{"name":"(anonymous_4)","decl":{"start":{"line":82,"column":26},"end":{"line":82,"column":27}},"loc":{"start":{"line":83,"column":14},"end":{"line":83,"column":66}},"line":83},"5":{"name":"(anonymous_5)","decl":{"start":{"line":89,"column":26},"end":{"line":89,"column":27}},"loc":{"start":{"line":90,"column":14},"end":{"line":90,"column":66}},"line":90},"6":{"name":"(anonymous_6)","decl":{"start":{"line":92,"column":26},"end":{"line":92,"column":27}},"loc":{"start":{"line":92,"column":32},"end":{"line":94,"column":13}},"line":92}},"branchMap":{"0":{"loc":{"start":{"line":53,"column":4},"end":{"line":58,"column":5}},"type":"if","locations":[{"start":{"line":53,"column":4},"end":{"line":58,"column":5}},{"start":{"line":56,"column":11},"end":{"line":58,"column":5}}],"line":53},"1":{"loc":{"start":{"line":62,"column":21},"end":{"line":62,"column":52}},"type":"cond-expr","locations":[{"start":{"line":62,"column":33},"end":{"line":62,"column":41}},{"start":{"line":62,"column":44},"end":{"line":62,"column":52}}],"line":62},"2":{"loc":{"start":{"line":67,"column":18},"end":{"line":67,"column":62}},"type":"cond-expr","locations":[{"start":{"line":67,"column":42},"end":{"line":67,"column":51}},{"start":{"line":67,"column":54},"end":{"line":67,"column":62}}],"line":67},"3":{"loc":{"start":{"line":79,"column":9},"end":{"line":96,"column":9}},"type":"cond-expr","locations":[{"start":{"line":80,"column":10},"end":{"line":85,"column":12}},{"start":{"line":87,"column":10},"end":{"line":95,"column":12}}],"line":79},"4":{"loc":{"start":{"line":97,"column":9},"end":{"line":97,"column":37}},"type":"cond-expr","locations":[{"start":{"line":97,"column":19},"end":{"line":97,"column":30}},{"start":{"line":97,"column":33},"end":{"line":97,"column":37}}],"line":97}},"s":{"0":0,"1":0,"2":0,"3":0,"4":0,"5":0,"6":0,"7":0,"8":0,"9":0,"10":0,"11":0,"12":0,"13":0,"14":0,"15":0,"16":0,"17":0,"18":0,"19":0,"20":0,"21":0},"f":{"0":0,"1":0,"2":0,"3":0,"4":0,"5":0,"6":0},"b":{"0":[0,0],"1":[0,0],"2":[0,0],"3":[0,0],"4":[0,0]}}
,"/Users/danlaurent/dev/TVMazeApp/src/screens/Home/interface.ts": {"path":"/Users/danlaurent/dev/TVMazeApp/src/screens/Home/interface.ts","statementMap":{},"fnMap":{},"branchMap":{},"s":{},"f":{},"b":{}}
,"/Users/danlaurent/dev/TVMazeApp/src/screens/ShowDetails/index.tsx": {"path":"/Users/danlaurent/dev/TVMazeApp/src/screens/ShowDetails/index.tsx","statementMap":{"0":{"start":{"line":26,"column":15},"end":{"line":43,"column":2}},"1":{"start":{"line":45,"column":26},"end":{"line":96,"column":1}},"2":{"start":{"line":48,"column":6},"end":{"line":48,"column":11}},"3":{"start":{"line":49,"column":28},"end":{"line":51,"column":3}},"4":{"start":{"line":52,"column":18},"end":{"line":52,"column":74}},"5":{"start":{"line":54,"column":2},"end":{"line":95,"column":4}},"6":{"start":{"line":59,"column":29},"end":{"line":59,"column":48}},"7":{"start":{"line":81,"column":14},"end":{"line":87,"column":16}},"8":{"start":{"line":85,"column":18},"end":{"line":85,"column":74}},"9":{"start":{"line":89,"column":43},"end":{"line":89,"column":67}}},"fnMap":{"0":{"name":"(anonymous_0)","decl":{"start":{"line":45,"column":26},"end":{"line":45,"column":27}},"loc":{"start":{"line":45,"column":78},"end":{"line":96,"column":1}},"line":45},"1":{"name":"(anonymous_1)","decl":{"start":{"line":59,"column":23},"end":{"line":59,"column":24}},"loc":{"start":{"line":59,"column":29},"end":{"line":59,"column":48}},"line":59},"2":{"name":"(anonymous_2)","decl":{"start":{"line":80,"column":24},"end":{"line":80,"column":25}},"loc":{"start":{"line":81,"column":14},"end":{"line":87,"column":16}},"line":81},"3":{"name":"(anonymous_3)","decl":{"start":{"line":84,"column":32},"end":{"line":84,"column":33}},"loc":{"start":{"line":85,"column":18},"end":{"line":85,"column":74}},"line":85},"4":{"name":"(anonymous_4)","decl":{"start":{"line":89,"column":26},"end":{"line":89,"column":27}},"loc":{"start":{"line":89,"column":43},"end":{"line":89,"column":67}},"line":89}},"branchMap":{"0":{"loc":{"start":{"line":52,"column":18},"end":{"line":52,"column":74}},"type":"cond-expr","locations":[{"start":{"line":52,"column":25},"end":{"line":52,"column":67}},{"start":{"line":52,"column":70},"end":{"line":52,"column":74}}],"line":52},"1":{"loc":{"start":{"line":61,"column":9},"end":{"line":91,"column":16}},"type":"cond-expr","locations":[{"start":{"line":62,"column":10},"end":{"line":90,"column":12}},{"start":{"line":91,"column":12},"end":{"line":91,"column":16}}],"line":61},"2":{"loc":{"start":{"line":92,"column":9},"end":{"line":92,"column":65}},"type":"cond-expr","locations":[{"start":{"line":92,"column":19},"end":{"line":92,"column":58}},{"start":{"line":92,"column":61},"end":{"line":92,"column":65}}],"line":92}},"s":{"0":1,"1":1,"2":5,"3":5,"4":5,"5":5,"6":1,"7":5,"8":1,"9":5},"f":{"0":5,"1":1,"2":5,"3":1,"4":5},"b":{"0":[5,0],"1":[5,0],"2":[5,0]},"_coverageSchema":"1a1c01bbd47fc00a2c39e90264f33305004495a9","hash":"c4f497f6cdda8fe715b6c6569455f48209c38e12"}
,"/Users/danlaurent/dev/TVMazeApp/src/screens/ShowDetails/interface.ts": {"path":"/Users/danlaurent/dev/TVMazeApp/src/screens/ShowDetails/interface.ts","statementMap":{},"fnMap":{},"branchMap":{},"s":{},"f":{},"b":{}}
,"/Users/danlaurent/dev/TVMazeApp/src/utils/fetch.ts": {"path":"/Users/danlaurent/dev/TVMazeApp/src/utils/fetch.ts","statementMap":{"0":{"start":{"line":1,"column":28},"end":{"line":9,"column":1}},"1":{"start":{"line":2,"column":2},"end":{"line":8,"column":3}},"2":{"start":{"line":3,"column":17},"end":{"line":3,"column":33}},"3":{"start":{"line":4,"column":21},"end":{"line":4,"column":38}},"4":{"start":{"line":5,"column":4},"end":{"line":5,"column":20}},"5":{"start":{"line":7,"column":4},"end":{"line":7,"column":16}}},"fnMap":{"0":{"name":"(anonymous_0)","decl":{"start":{"line":1,"column":28},"end":{"line":1,"column":29}},"loc":{"start":{"line":1,"column":66},"end":{"line":9,"column":1}},"line":1}},"branchMap":{},"s":{"0":2,"1":7,"2":7,"3":6,"4":5,"5":2},"f":{"0":7},"b":{},"_coverageSchema":"1a1c01bbd47fc00a2c39e90264f33305004495a9","hash":"b438db21e52d3430efd27adc53379016d3a671a3"}
,"/Users/danlaurent/dev/TVMazeApp/src/utils/search.ts": {"path":"/Users/danlaurent/dev/TVMazeApp/src/utils/search.ts","statementMap":{"0":{"start":{"line":3,"column":35},"end":{"line":4,"column":38}},"1":{"start":{"line":4,"column":2},"end":{"line":4,"column":38}},"2":{"start":{"line":4,"column":26},"end":{"line":4,"column":37}}},"fnMap":{"0":{"name":"(anonymous_0)","decl":{"start":{"line":3,"column":35},"end":{"line":3,"column":36}},"loc":{"start":{"line":4,"column":2},"end":{"line":4,"column":38}},"line":4},"1":{"name":"(anonymous_1)","decl":{"start":{"line":4,"column":14},"end":{"line":4,"column":15}},"loc":{"start":{"line":4,"column":26},"end":{"line":4,"column":37}},"line":4}},"branchMap":{},"s":{"0":1,"1":1,"2":1},"f":{"0":1,"1":1},"b":{},"_coverageSchema":"1a1c01bbd47fc00a2c39e90264f33305004495a9","hash":"ef36ecfe23e380e426d1c6aabc87ce0408f9c3b3"}
,"/Users/danlaurent/dev/TVMazeApp/src/utils/transform.ts": {"path":"/Users/danlaurent/dev/TVMazeApp/src/utils/transform.ts","statementMap":{"0":{"start":{"line":3,"column":28},"end":{"line":4,"column":38}},"1":{"start":{"line":4,"column":2},"end":{"line":4,"column":38}},"2":{"start":{"line":6,"column":32},"end":{"line":6,"column":76}},"3":{"start":{"line":6,"column":56},"end":{"line":6,"column":76}},"4":{"start":{"line":8,"column":33},"end":{"line":18,"column":1}},"5":{"start":{"line":9,"column":24},"end":{"line":9,"column":65}},"6":{"start":{"line":9,"column":50},"end":{"line":9,"column":64}},"7":{"start":{"line":10,"column":18},"end":{"line":10,"column":45}},"8":{"start":{"line":12,"column":22},"end":{"line":15,"column":5}},"9":{"start":{"line":12,"column":45},"end":{"line":15,"column":3}},"10":{"start":{"line":14,"column":43},"end":{"line":14,"column":66}},"11":{"start":{"line":17,"column":2},"end":{"line":17,"column":21}},"12":{"start":{"line":20,"column":30},"end":{"line":25,"column":1}},"13":{"start":{"line":21,"column":2},"end":{"line":23,"column":3}},"14":{"start":{"line":22,"column":4},"end":{"line":22,"column":68}},"15":{"start":{"line":24,"column":2},"end":{"line":24,"column":19}}},"fnMap":{"0":{"name":"(anonymous_0)","decl":{"start":{"line":3,"column":28},"end":{"line":3,"column":29}},"loc":{"start":{"line":4,"column":2},"end":{"line":4,"column":38}},"line":4},"1":{"name":"(anonymous_1)","decl":{"start":{"line":6,"column":32},"end":{"line":6,"column":33}},"loc":{"start":{"line":6,"column":56},"end":{"line":6,"column":76}},"line":6},"2":{"name":"(anonymous_2)","decl":{"start":{"line":8,"column":33},"end":{"line":8,"column":34}},"loc":{"start":{"line":8,"column":59},"end":{"line":18,"column":1}},"line":8},"3":{"name":"(anonymous_3)","decl":{"start":{"line":9,"column":37},"end":{"line":9,"column":38}},"loc":{"start":{"line":9,"column":50},"end":{"line":9,"column":64}},"line":9},"4":{"name":"(anonymous_4)","decl":{"start":{"line":12,"column":34},"end":{"line":12,"column":35}},"loc":{"start":{"line":12,"column":45},"end":{"line":15,"column":3}},"line":12},"5":{"name":"(anonymous_5)","decl":{"start":{"line":14,"column":30},"end":{"line":14,"column":31}},"loc":{"start":{"line":14,"column":43},"end":{"line":14,"column":66}},"line":14},"6":{"name":"(anonymous_6)","decl":{"start":{"line":20,"column":30},"end":{"line":20,"column":31}},"loc":{"start":{"line":20,"column":55},"end":{"line":25,"column":1}},"line":20}},"branchMap":{"0":{"loc":{"start":{"line":21,"column":2},"end":{"line":23,"column":3}},"type":"if","locations":[{"start":{"line":21,"column":2},"end":{"line":23,"column":3}},{"start":{},"end":{}}],"line":21},"1":{"loc":{"start":{"line":21,"column":6},"end":{"line":21,"column":38}},"type":"binary-expr","locations":[{"start":{"line":21,"column":6},"end":{"line":21,"column":20}},{"start":{"line":21,"column":24},"end":{"line":21,"column":38}}],"line":21}},"s":{"0":6,"1":9,"2":6,"3":11,"4":6,"5":6,"6":6,"7":6,"8":6,"9":6,"10":6,"11":6,"12":6,"13":7,"14":1,"15":6},"f":{"0":9,"1":11,"2":6,"3":6,"4":6,"5":6,"6":7},"b":{"0":[1,6],"1":[7,1]},"_coverageSchema":"1a1c01bbd47fc00a2c39e90264f33305004495a9","hash":"f221b0b21f0235dc98880796f1505640d1850deb"}
,"/Users/danlaurent/dev/TVMazeApp/src/utils/url.ts": {"path":"/Users/danlaurent/dev/TVMazeApp/src/utils/url.ts","statementMap":{"0":{"start":{"line":1,"column":33},"end":{"line":9,"column":1}},"1":{"start":{"line":2,"column":2},"end":{"line":7,"column":3}},"2":{"start":{"line":3,"column":19},"end":{"line":5,"column":16}},"3":{"start":{"line":4,"column":20},"end":{"line":4,"column":44}},"4":{"start":{"line":6,"column":4},"end":{"line":6,"column":30}},"5":{"start":{"line":8,"column":2},"end":{"line":8,"column":13}}},"fnMap":{"0":{"name":"(anonymous_0)","decl":{"start":{"line":1,"column":33},"end":{"line":1,"column":34}},"loc":{"start":{"line":1,"column":65},"end":{"line":9,"column":1}},"line":1},"1":{"name":"(anonymous_1)","decl":{"start":{"line":4,"column":11},"end":{"line":4,"column":12}},"loc":{"start":{"line":4,"column":20},"end":{"line":4,"column":44}},"line":4}},"branchMap":{"0":{"loc":{"start":{"line":2,"column":2},"end":{"line":7,"column":3}},"type":"if","locations":[{"start":{"line":2,"column":2},"end":{"line":7,"column":3}},{"start":{},"end":{}}],"line":2}},"s":{"0":2,"1":7,"2":4,"3":4,"4":4,"5":3},"f":{"0":7,"1":4},"b":{"0":[4,3]},"_coverageSchema":"1a1c01bbd47fc00a2c39e90264f33305004495a9","hash":"775b8784e2d1e1e1d55e2c0c70387d1d640570a2"}
}
