{"/Users/danlaurent/dev/TVMazeApp/App.tsx": {"path":"/Users/danlaurent/dev/TVMazeApp/App.tsx","statementMap":{"0":{"start":{"line":9,"column":2},"end":{"line":16,"column":4}}},"fnMap":{"0":{"name":"App","decl":{"start":{"line":8,"column":24},"end":{"line":8,"column":27}},"loc":{"start":{"line":8,"column":30},"end":{"line":17,"column":1}},"line":8}},"branchMap":{},"s":{"0":0},"f":{"0":0},"b":{}}
,"/Users/danlaurent/dev/TVMazeApp/src/components/Button/index.tsx": {"path":"/Users/danlaurent/dev/TVMazeApp/src/components/Button/index.tsx","statementMap":{"0":{"start":{"line":5,"column":15},"end":{"line":17,"column":2}},"1":{"start":{"line":19,"column":15},"end":{"line":23,"column":1}},"2":{"start":{"line":20,"column":2},"end":{"line":22,"column":21}}},"fnMap":{"0":{"name":"(anonymous_0)","decl":{"start":{"line":19,"column":15},"end":{"line":19,"column":16}},"loc":{"start":{"line":20,"column":2},"end":{"line":22,"column":21}},"line":20}},"branchMap":{},"s":{"0":0,"1":0,"2":0},"f":{"0":0},"b":{}}
,"/Users/danlaurent/dev/TVMazeApp/src/components/Button/interface.ts": {"path":"/Users/danlaurent/dev/TVMazeApp/src/components/Button/interface.ts","statementMap":{},"fnMap":{},"branchMap":{},"s":{},"f":{},"b":{}}
,"/Users/danlaurent/dev/TVMazeApp/src/components/Header/index.tsx": {"path":"/Users/danlaurent/dev/TVMazeApp/src/components/Header/index.tsx","statementMap":{"0":{"start":{"line":6,"column":15},"end":{"line":13,"column":2}},"1":{"start":{"line":15,"column":15},"end":{"line":21,"column":1}},"2":{"start":{"line":16,"column":2},"end":{"line":20,"column":9}}},"fnMap":{"0":{"name":"(anonymous_0)","decl":{"start":{"line":15,"column":15},"end":{"line":15,"column":16}},"loc":{"start":{"line":16,"column":2},"end":{"line":20,"column":9}},"line":16}},"branchMap":{},"s":{"0":0,"1":0,"2":0},"f":{"0":0},"b":{}}
,"/Users/danlaurent/dev/TVMazeApp/src/components/Header/interface.ts": {"path":"/Users/danlaurent/dev/TVMazeApp/src/components/Header/interface.ts","statementMap":{},"fnMap":{},"branchMap":{},"s":{},"f":{},"b":{}}
,"/Users/danlaurent/dev/TVMazeApp/src/components/Poster/index.tsx": {"path":"/Users/danlaurent/dev/TVMazeApp/src/components/Poster/index.tsx","statementMap":{"0":{"start":{"line":5,"column":15},"end":{"line":28,"column":2}},"1":{"start":{"line":30,"column":15},"end":{"line":40,"column":1}},"2":{"start":{"line":31,"column":2},"end":{"line":39,"column":9}}},"fnMap":{"0":{"name":"(anonymous_0)","decl":{"start":{"line":30,"column":15},"end":{"line":30,"column":16}},"loc":{"start":{"line":31,"column":2},"end":{"line":39,"column":9}},"line":31}},"branchMap":{"0":{"loc":{"start":{"line":30,"column":26},"end":{"line":30,"column":40}},"type":"default-arg","locations":[{"start":{"line":30,"column":33},"end":{"line":30,"column":40}}],"line":30},"1":{"loc":{"start":{"line":32,"column":5},"end":{"line":38,"column":5}},"type":"cond-expr","locations":[{"start":{"line":33,"column":6},"end":{"line":33,"column":61}},{"start":{"line":35,"column":6},"end":{"line":37,"column":13}}],"line":32}},"s":{"0":1,"1":1,"2":1},"f":{"0":1},"b":{"0":[0],"1":[1,0]},"_coverageSchema":"1a1c01bbd47fc00a2c39e90264f33305004495a9","hash":"971eee5e20b718dbaefc4cd1749e2b2814e496f6"}
,"/Users/danlaurent/dev/TVMazeApp/src/components/Poster/interface.ts": {"path":"/Users/danlaurent/dev/TVMazeApp/src/components/Poster/interface.ts","statementMap":{},"fnMap":{},"branchMap":{},"s":{},"f":{},"b":{}}
,"/Users/danlaurent/dev/TVMazeApp/src/components/SearchBar/index.tsx": {"path":"/Users/danlaurent/dev/TVMazeApp/src/components/SearchBar/index.tsx","statementMap":{"0":{"start":{"line":7,"column":15},"end":{"line":18,"column":2}},"1":{"start":{"line":20,"column":18},"end":{"line":37,"column":1}},"2":{"start":{"line":27,"column":2},"end":{"line":36,"column":9}}},"fnMap":{"0":{"name":"(anonymous_0)","decl":{"start":{"line":20,"column":18},"end":{"line":20,"column":19}},"loc":{"start":{"line":27,"column":2},"end":{"line":36,"column":9}},"line":27}},"branchMap":{},"s":{"0":0,"1":0,"2":0},"f":{"0":0},"b":{}}
,"/Users/danlaurent/dev/TVMazeApp/src/components/SearchBar/interface.ts": {"path":"/Users/danlaurent/dev/TVMazeApp/src/components/SearchBar/interface.ts","statementMap":{},"fnMap":{},"branchMap":{},"s":{},"f":{},"b":{}}
,"/Users/danlaurent/dev/TVMazeApp/src/components/SearchInput/index.tsx": {"path":"/Users/danlaurent/dev/TVMazeApp/src/components/SearchInput/index.tsx","statementMap":{"0":{"start":{"line":6,"column":15},"end":{"line":18,"column":2}},"1":{"start":{"line":20,"column":20},"end":{"line":30,"column":1}},"2":{"start":{"line":21,"column":2},"end":{"line":29,"column":9}}},"fnMap":{"0":{"name":"(anonymous_0)","decl":{"start":{"line":20,"column":20},"end":{"line":20,"column":21}},"loc":{"start":{"line":21,"column":2},"end":{"line":29,"column":9}},"line":21}},"branchMap":{},"s":{"0":0,"1":0,"2":0},"f":{"0":0},"b":{}}
,"/Users/danlaurent/dev/TVMazeApp/src/components/SearchInput/interface.ts": {"path":"/Users/danlaurent/dev/TVMazeApp/src/components/SearchInput/interface.ts","statementMap":{},"fnMap":{},"branchMap":{},"s":{},"f":{},"b":{}}
,"/Users/danlaurent/dev/TVMazeApp/src/components/Season/index.tsx": {"path":"/Users/danlaurent/dev/TVMazeApp/src/components/Season/index.tsx","statementMap":{"0":{"start":{"line":6,"column":15},"end":{"line":31,"column":2}},"1":{"start":{"line":33,"column":15},"end":{"line":52,"column":1}},"2":{"start":{"line":34,"column":2},"end":{"line":51,"column":9}},"3":{"start":{"line":40,"column":6},"end":{"line":49,"column":25}},"4":{"start":{"line":43,"column":23},"end":{"line":43,"column":46}}},"fnMap":{"0":{"name":"(anonymous_0)","decl":{"start":{"line":33,"column":15},"end":{"line":33,"column":16}},"loc":{"start":{"line":34,"column":2},"end":{"line":51,"column":9}},"line":34},"1":{"name":"(anonymous_1)","decl":{"start":{"line":33,"column":43},"end":{"line":33,"column":44}},"loc":{"start":{"line":33,"column":49},"end":{"line":33,"column":51}},"line":33},"2":{"name":"(anonymous_2)","decl":{"start":{"line":39,"column":25},"end":{"line":39,"column":26}},"loc":{"start":{"line":40,"column":6},"end":{"line":49,"column":25}},"line":40},"3":{"name":"(anonymous_3)","decl":{"start":{"line":43,"column":17},"end":{"line":43,"column":18}},"loc":{"start":{"line":43,"column":23},"end":{"line":43,"column":46}},"line":43}},"branchMap":{"0":{"loc":{"start":{"line":33,"column":26},"end":{"line":33,"column":51}},"type":"default-arg","locations":[{"start":{"line":33,"column":43},"end":{"line":33,"column":51}}],"line":33}},"s":{"0":0,"1":0,"2":0,"3":0,"4":0},"f":{"0":0,"1":0,"2":0,"3":0},"b":{"0":[0]}}
,"/Users/danlaurent/dev/TVMazeApp/src/components/Season/interface.ts": {"path":"/Users/danlaurent/dev/TVMazeApp/src/components/Season/interface.ts","statementMap":{},"fnMap":{},"branchMap":{},"s":{},"f":{},"b":{}}
,"/Users/danlaurent/dev/TVMazeApp/src/components/ShowList/index.tsx": {"path":"/Users/danlaurent/dev/TVMazeApp/src/components/ShowList/index.tsx","statementMap":{"0":{"start":{"line":7,"column":17},"end":{"line":27,"column":1}},"1":{"start":{"line":8,"column":2},"end":{"line":25,"column":3}},"2":{"start":{"line":9,"column":4},"end":{"line":24,"column":6}},"3":{"start":{"line":13,"column":10},"end":{"line":17,"column":12}},"4":{"start":{"line":21,"column":32},"end":{"line":21,"column":50}},"5":{"start":{"line":26,"column":2},"end":{"line":26,"column":14}}},"fnMap":{"0":{"name":"(anonymous_0)","decl":{"start":{"line":7,"column":17},"end":{"line":7,"column":18}},"loc":{"start":{"line":7,"column":71},"end":{"line":27,"column":1}},"line":7},"1":{"name":"(anonymous_1)","decl":{"start":{"line":12,"column":20},"end":{"line":12,"column":21}},"loc":{"start":{"line":12,"column":34},"end":{"line":18,"column":9}},"line":12},"2":{"name":"(anonymous_2)","decl":{"start":{"line":21,"column":22},"end":{"line":21,"column":23}},"loc":{"start":{"line":21,"column":32},"end":{"line":21,"column":50}},"line":21}},"branchMap":{"0":{"loc":{"start":{"line":8,"column":2},"end":{"line":25,"column":3}},"type":"if","locations":[{"start":{"line":8,"column":2},"end":{"line":25,"column":3}},{"start":{},"end":{}}],"line":8},"1":{"loc":{"start":{"line":8,"column":6},"end":{"line":8,"column":31}},"type":"binary-expr","locations":[{"start":{"line":8,"column":6},"end":{"line":8,"column":11}},{"start":{"line":8,"column":15},"end":{"line":8,"column":31}}],"line":8}},"s":{"0":0,"1":0,"2":0,"3":0,"4":0,"5":0},"f":{"0":0,"1":0,"2":0},"b":{"0":[0,0],"1":[0,0]}}
,"/Users/danlaurent/dev/TVMazeApp/src/components/ShowList/interface.ts": {"path":"/Users/danlaurent/dev/TVMazeApp/src/components/ShowList/interface.ts","statementMap":{},"fnMap":{},"branchMap":{},"s":{},"f":{},"b":{}}
,"/Users/danlaurent/dev/TVMazeApp/src/components/ShowListItem/index.tsx": {"path":"/Users/danlaurent/dev/TVMazeApp/src/components/ShowListItem/index.tsx","statementMap":{"0":{"start":{"line":8,"column":15},"end":{"line":48,"column":2}},"1":{"start":{"line":50,"column":21},"end":{"line":75,"column":1}},"2":{"start":{"line":51,"column":2},"end":{"line":74,"column":4}},"3":{"start":{"line":54,"column":21},"end":{"line":54,"column":37}},"4":{"start":{"line":67,"column":12},"end":{"line":69,"column":19}}},"fnMap":{"0":{"name":"(anonymous_0)","decl":{"start":{"line":50,"column":21},"end":{"line":50,"column":22}},"loc":{"start":{"line":50,"column":70},"end":{"line":75,"column":1}},"line":50},"1":{"name":"(anonymous_1)","decl":{"start":{"line":50,"column":40},"end":{"line":50,"column":41}},"loc":{"start":{"line":50,"column":46},"end":{"line":50,"column":48}},"line":50},"2":{"name":"(anonymous_2)","decl":{"start":{"line":54,"column":15},"end":{"line":54,"column":16}},"loc":{"start":{"line":54,"column":21},"end":{"line":54,"column":37}},"line":54},"3":{"name":"(anonymous_3)","decl":{"start":{"line":66,"column":27},"end":{"line":66,"column":28}},"loc":{"start":{"line":67,"column":12},"end":{"line":69,"column":19}},"line":67}},"branchMap":{"0":{"loc":{"start":{"line":50,"column":30},"end":{"line":50,"column":48}},"type":"default-arg","locations":[{"start":{"line":50,"column":40},"end":{"line":50,"column":48}}],"line":50},"1":{"loc":{"start":{"line":62,"column":39},"end":{"line":62,"column":67}},"type":"binary-expr","locations":[{"start":{"line":62,"column":39},"end":{"line":62,"column":58}},{"start":{"line":62,"column":62},"end":{"line":62,"column":67}}],"line":62}},"s":{"0":1,"1":1,"2":1,"3":0,"4":1},"f":{"0":1,"1":0,"2":0,"3":1},"b":{"0":[1],"1":[1,0]},"_coverageSchema":"1a1c01bbd47fc00a2c39e90264f33305004495a9","hash":"8382754cea7d0e1e85f838b859edfcc44befa2c3"}
,"/Users/danlaurent/dev/TVMazeApp/src/components/ShowListItem/interface.ts": {"path":"/Users/danlaurent/dev/TVMazeApp/src/components/ShowListItem/interface.ts","statementMap":{},"fnMap":{},"branchMap":{},"s":{},"f":{},"b":{}}
,"/Users/danlaurent/dev/TVMazeApp/src/hooks/useFetch/index.ts": {"path":"/Users/danlaurent/dev/TVMazeApp/src/hooks/useFetch/index.ts","statementMap":{"0":{"start":{"line":5,"column":17},"end":{"line":54,"column":1}},"1":{"start":{"line":6,"column":26},"end":{"line":6,"column":45}},"2":{"start":{"line":7,"column":40},"end":{"line":7,"column":63}},"3":{"start":{"line":8,"column":26},"end":{"line":8,"column":50}},"4":{"start":{"line":9,"column":28},"end":{"line":9,"column":56}},"5":{"start":{"line":10,"column":32},"end":{"line":10,"column":56}},"6":{"start":{"line":12,"column":19},"end":{"line":12,"column":62}},"7":{"start":{"line":12,"column":37},"end":{"line":12,"column":57}},"8":{"start":{"line":14,"column":2},"end":{"line":51,"column":26}},"9":{"start":{"line":15,"column":4},"end":{"line":17,"column":5}},"10":{"start":{"line":16,"column":6},"end":{"line":16,"column":13}},"11":{"start":{"line":18,"column":22},"end":{"line":48,"column":5}},"12":{"start":{"line":19,"column":6},"end":{"line":19,"column":23}},"13":{"start":{"line":21,"column":29},"end":{"line":24,"column":7}},"14":{"start":{"line":25,"column":25},"end":{"line":25,"column":62}},"15":{"start":{"line":27,"column":6},"end":{"line":27,"column":28}},"16":{"start":{"line":29,"column":6},"end":{"line":45,"column":7}},"17":{"start":{"line":30,"column":8},"end":{"line":40,"column":11}},"18":{"start":{"line":31,"column":10},"end":{"line":38,"column":11}},"19":{"start":{"line":32,"column":12},"end":{"line":37,"column":14}},"20":{"start":{"line":39,"column":10},"end":{"line":39,"column":25}},"21":{"start":{"line":42,"column":8},"end":{"line":42,"column":26}},"22":{"start":{"line":44,"column":8},"end":{"line":44,"column":25}},"23":{"start":{"line":47,"column":6},"end":{"line":47,"column":24}},"24":{"start":{"line":50,"column":4},"end":{"line":50,"column":16}},"25":{"start":{"line":53,"column":2},"end":{"line":53,"column":44}}},"fnMap":{"0":{"name":"(anonymous_0)","decl":{"start":{"line":5,"column":17},"end":{"line":5,"column":18}},"loc":{"start":{"line":5,"column":52},"end":{"line":54,"column":1}},"line":5},"1":{"name":"(anonymous_1)","decl":{"start":{"line":12,"column":31},"end":{"line":12,"column":32}},"loc":{"start":{"line":12,"column":37},"end":{"line":12,"column":57}},"line":12},"2":{"name":"(anonymous_2)","decl":{"start":{"line":14,"column":12},"end":{"line":14,"column":13}},"loc":{"start":{"line":14,"column":18},"end":{"line":51,"column":3}},"line":14},"3":{"name":"(anonymous_3)","decl":{"start":{"line":18,"column":22},"end":{"line":18,"column":23}},"loc":{"start":{"line":18,"column":34},"end":{"line":48,"column":5}},"line":18},"4":{"name":"(anonymous_4)","decl":{"start":{"line":30,"column":16},"end":{"line":30,"column":17}},"loc":{"start":{"line":30,"column":42},"end":{"line":40,"column":9}},"line":30}},"branchMap":{"0":{"loc":{"start":{"line":15,"column":4},"end":{"line":17,"column":5}},"type":"if","locations":[{"start":{"line":15,"column":4},"end":{"line":17,"column":5}},{"start":{},"end":{}}],"line":15},"1":{"loc":{"start":{"line":23,"column":8},"end":{"line":23,"column":43}},"type":"cond-expr","locations":[{"start":{"line":23,"column":28},"end":{"line":23,"column":36}},{"start":{"line":23,"column":39},"end":{"line":23,"column":43}}],"line":23},"2":{"loc":{"start":{"line":29,"column":6},"end":{"line":45,"column":7}},"type":"if","locations":[{"start":{"line":29,"column":6},"end":{"line":45,"column":7}},{"start":{"line":43,"column":13},"end":{"line":45,"column":7}}],"line":29},"3":{"loc":{"start":{"line":31,"column":10},"end":{"line":38,"column":11}},"type":"if","locations":[{"start":{"line":31,"column":10},"end":{"line":38,"column":11}},{"start":{},"end":{}}],"line":31}},"s":{"0":0,"1":0,"2":0,"3":0,"4":0,"5":0,"6":0,"7":0,"8":0,"9":0,"10":0,"11":0,"12":0,"13":0,"14":0,"15":0,"16":0,"17":0,"18":0,"19":0,"20":0,"21":0,"22":0,"23":0,"24":0,"25":0},"f":{"0":0,"1":0,"2":0,"3":0,"4":0},"b":{"0":[0,0],"1":[0,0],"2":[0,0],"3":[0,0]}}
,"/Users/danlaurent/dev/TVMazeApp/src/interface/shows.ts": {"path":"/Users/danlaurent/dev/TVMazeApp/src/interface/shows.ts","statementMap":{},"fnMap":{},"branchMap":{},"s":{},"f":{},"b":{}}
,"/Users/danlaurent/dev/TVMazeApp/src/navigation/ShowNavigator/index.tsx": {"path":"/Users/danlaurent/dev/TVMazeApp/src/navigation/ShowNavigator/index.tsx","statementMap":{"0":{"start":{"line":8,"column":14},"end":{"line":8,"column":36}},"1":{"start":{"line":10,"column":22},"end":{"line":21,"column":1}},"2":{"start":{"line":11,"column":2},"end":{"line":20,"column":4}}},"fnMap":{"0":{"name":"(anonymous_0)","decl":{"start":{"line":10,"column":22},"end":{"line":10,"column":23}},"loc":{"start":{"line":10,"column":28},"end":{"line":21,"column":1}},"line":10}},"branchMap":{},"s":{"0":0,"1":0,"2":0},"f":{"0":0},"b":{}}
,"/Users/danlaurent/dev/TVMazeApp/src/navigation/ShowNavigator/interface.ts": {"path":"/Users/danlaurent/dev/TVMazeApp/src/navigation/ShowNavigator/interface.ts","statementMap":{},"fnMap":{},"branchMap":{},"s":{},"f":{},"b":{}}
,"/Users/danlaurent/dev/TVMazeApp/src/navigation/TabNavigator/index.tsx": {"path":"/Users/danlaurent/dev/TVMazeApp/src/navigation/TabNavigator/index.tsx","statementMap":{"0":{"start":{"line":5,"column":12},"end":{"line":5,"column":38}},"1":{"start":{"line":7,"column":21},"end":{"line":13,"column":1}},"2":{"start":{"line":8,"column":2},"end":{"line":12,"column":4}}},"fnMap":{"0":{"name":"(anonymous_0)","decl":{"start":{"line":7,"column":21},"end":{"line":7,"column":22}},"loc":{"start":{"line":7,"column":27},"end":{"line":13,"column":1}},"line":7}},"branchMap":{},"s":{"0":0,"1":0,"2":0},"f":{"0":0},"b":{}}
,"/Users/danlaurent/dev/TVMazeApp/src/screens/EpisodeDetails/index.tsx": {"path":"/Users/danlaurent/dev/TVMazeApp/src/screens/EpisodeDetails/index.tsx","statementMap":{"0":{"start":{"line":6,"column":15},"end":{"line":6,"column":39}},"1":{"start":{"line":8,"column":15},"end":{"line":26,"column":2}},"2":{"start":{"line":28,"column":29},"end":{"line":56,"column":1}},"3":{"start":{"line":34,"column":6},"end":{"line":34,"column":11}},"4":{"start":{"line":35,"column":2},"end":{"line":55,"column":4}},"5":{"start":{"line":37,"column":33},"end":{"line":37,"column":52}}},"fnMap":{"0":{"name":"(anonymous_0)","decl":{"start":{"line":28,"column":29},"end":{"line":28,"column":30}},"loc":{"start":{"line":31,"column":34},"end":{"line":56,"column":1}},"line":31},"1":{"name":"(anonymous_1)","decl":{"start":{"line":37,"column":27},"end":{"line":37,"column":28}},"loc":{"start":{"line":37,"column":33},"end":{"line":37,"column":52}},"line":37}},"branchMap":{},"s":{"0":0,"1":0,"2":0,"3":0,"4":0,"5":0},"f":{"0":0,"1":0},"b":{}}
,"/Users/danlaurent/dev/TVMazeApp/src/screens/EpisodeDetails/interface.ts": {"path":"/Users/danlaurent/dev/TVMazeApp/src/screens/EpisodeDetails/interface.ts","statementMap":{},"fnMap":{},"branchMap":{},"s":{},"f":{},"b":{}}
,"/Users/danlaurent/dev/TVMazeApp/src/screens/Home/index.tsx": {"path":"/Users/danlaurent/dev/TVMazeApp/src/screens/Home/index.tsx","statementMap":{"0":{"start":{"line":20,"column":15},"end":{"line":29,"column":2}},"1":{"start":{"line":31,"column":19},"end":{"line":97,"column":1}},"2":{"start":{"line":32,"column":30},"end":{"line":32,"column":50}},"3":{"start":{"line":33,"column":38},"end":{"line":36,"column":3}},"4":{"start":{"line":37,"column":38},"end":{"line":37,"column":70}},"5":{"start":{"line":38,"column":36},"end":{"line":38,"column":51}},"6":{"start":{"line":40,"column":22},"end":{"line":46,"column":3}},"7":{"start":{"line":41,"column":45},"end":{"line":43,"column":5}},"8":{"start":{"line":44,"column":18},"end":{"line":44,"column":52}},"9":{"start":{"line":45,"column":4},"end":{"line":45,"column":25}},"10":{"start":{"line":48,"column":24},"end":{"line":55,"column":3}},"11":{"start":{"line":49,"column":4},"end":{"line":53,"column":5}},"12":{"start":{"line":50,"column":6},"end":{"line":50,"column":24}},"13":{"start":{"line":52,"column":6},"end":{"line":52,"column":20}},"14":{"start":{"line":54,"column":4},"end":{"line":54,"column":29}},"15":{"start":{"line":57,"column":21},"end":{"line":57,"column":52}},"16":{"start":{"line":59,"column":2},"end":{"line":96,"column":4}},"17":{"start":{"line":68,"column":45},"end":{"line":68,"column":61}},"18":{"start":{"line":78,"column":14},"end":{"line":78,"column":66}},"19":{"start":{"line":85,"column":14},"end":{"line":85,"column":66}},"20":{"start":{"line":88,"column":14},"end":{"line":88,"column":25}}},"fnMap":{"0":{"name":"(anonymous_0)","decl":{"start":{"line":31,"column":19},"end":{"line":31,"column":20}},"loc":{"start":{"line":31,"column":57},"end":{"line":97,"column":1}},"line":31},"1":{"name":"(anonymous_1)","decl":{"start":{"line":40,"column":22},"end":{"line":40,"column":23}},"loc":{"start":{"line":40,"column":34},"end":{"line":46,"column":3}},"line":40},"2":{"name":"(anonymous_2)","decl":{"start":{"line":48,"column":24},"end":{"line":48,"column":25}},"loc":{"start":{"line":48,"column":30},"end":{"line":55,"column":3}},"line":48},"3":{"name":"(anonymous_3)","decl":{"start":{"line":68,"column":26},"end":{"line":68,"column":27}},"loc":{"start":{"line":68,"column":45},"end":{"line":68,"column":61}},"line":68},"4":{"name":"(anonymous_4)","decl":{"start":{"line":77,"column":26},"end":{"line":77,"column":27}},"loc":{"start":{"line":78,"column":14},"end":{"line":78,"column":66}},"line":78},"5":{"name":"(anonymous_5)","decl":{"start":{"line":84,"column":26},"end":{"line":84,"column":27}},"loc":{"start":{"line":85,"column":14},"end":{"line":85,"column":66}},"line":85},"6":{"name":"(anonymous_6)","decl":{"start":{"line":87,"column":26},"end":{"line":87,"column":27}},"loc":{"start":{"line":87,"column":32},"end":{"line":89,"column":13}},"line":87}},"branchMap":{"0":{"loc":{"start":{"line":49,"column":4},"end":{"line":53,"column":5}},"type":"if","locations":[{"start":{"line":49,"column":4},"end":{"line":53,"column":5}},{"start":{"line":51,"column":11},"end":{"line":53,"column":5}}],"line":49},"1":{"loc":{"start":{"line":57,"column":21},"end":{"line":57,"column":52}},"type":"cond-expr","locations":[{"start":{"line":57,"column":33},"end":{"line":57,"column":41}},{"start":{"line":57,"column":44},"end":{"line":57,"column":52}}],"line":57},"2":{"loc":{"start":{"line":62,"column":18},"end":{"line":62,"column":62}},"type":"cond-expr","locations":[{"start":{"line":62,"column":42},"end":{"line":62,"column":51}},{"start":{"line":62,"column":54},"end":{"line":62,"column":62}}],"line":62},"3":{"loc":{"start":{"line":74,"column":9},"end":{"line":91,"column":9}},"type":"cond-expr","locations":[{"start":{"line":75,"column":10},"end":{"line":80,"column":12}},{"start":{"line":82,"column":10},"end":{"line":90,"column":12}}],"line":74},"4":{"loc":{"start":{"line":93,"column":9},"end":{"line":93,"column":49}},"type":"cond-expr","locations":[{"start":{"line":93,"column":19},"end":{"line":93,"column":42}},{"start":{"line":93,"column":45},"end":{"line":93,"column":49}}],"line":93}},"s":{"0":0,"1":0,"2":0,"3":0,"4":0,"5":0,"6":0,"7":0,"8":0,"9":0,"10":0,"11":0,"12":0,"13":0,"14":0,"15":0,"16":0,"17":0,"18":0,"19":0,"20":0},"f":{"0":0,"1":0,"2":0,"3":0,"4":0,"5":0,"6":0},"b":{"0":[0,0],"1":[0,0],"2":[0,0],"3":[0,0],"4":[0,0]}}
,"/Users/danlaurent/dev/TVMazeApp/src/screens/Home/interface.ts": {"path":"/Users/danlaurent/dev/TVMazeApp/src/screens/Home/interface.ts","statementMap":{},"fnMap":{},"branchMap":{},"s":{},"f":{},"b":{}}
,"/Users/danlaurent/dev/TVMazeApp/src/screens/ShowDetails/index.tsx": {"path":"/Users/danlaurent/dev/TVMazeApp/src/screens/ShowDetails/index.tsx","statementMap":{"0":{"start":{"line":10,"column":15},"end":{"line":18,"column":2}},"1":{"start":{"line":20,"column":26},"end":{"line":79,"column":1}},"2":{"start":{"line":23,"column":6},"end":{"line":23,"column":11}},"3":{"start":{"line":24,"column":28},"end":{"line":26,"column":3}},"4":{"start":{"line":28,"column":28},"end":{"line":38,"column":3}},"5":{"start":{"line":29,"column":26},"end":{"line":29,"column":67}},"6":{"start":{"line":29,"column":52},"end":{"line":29,"column":66}},"7":{"start":{"line":30,"column":20},"end":{"line":30,"column":47}},"8":{"start":{"line":32,"column":24},"end":{"line":35,"column":7}},"9":{"start":{"line":32,"column":47},"end":{"line":35,"column":5}},"10":{"start":{"line":34,"column":45},"end":{"line":34,"column":68}},"11":{"start":{"line":37,"column":4},"end":{"line":37,"column":23}},"12":{"start":{"line":40,"column":2},"end":{"line":77,"column":3}},"13":{"start":{"line":41,"column":20},"end":{"line":41,"column":62}},"14":{"start":{"line":42,"column":4},"end":{"line":76,"column":6}},"15":{"start":{"line":44,"column":35},"end":{"line":44,"column":54}},"16":{"start":{"line":52,"column":50},"end":{"line":52,"column":55}},"17":{"start":{"line":56,"column":51},"end":{"line":56,"column":59}},"18":{"start":{"line":66,"column":12},"end":{"line":71,"column":14}},"19":{"start":{"line":69,"column":16},"end":{"line":69,"column":72}},"20":{"start":{"line":73,"column":41},"end":{"line":73,"column":65}},"21":{"start":{"line":78,"column":2},"end":{"line":78,"column":18}}},"fnMap":{"0":{"name":"(anonymous_0)","decl":{"start":{"line":20,"column":26},"end":{"line":20,"column":27}},"loc":{"start":{"line":20,"column":78},"end":{"line":79,"column":1}},"line":20},"1":{"name":"(anonymous_1)","decl":{"start":{"line":28,"column":28},"end":{"line":28,"column":29}},"loc":{"start":{"line":28,"column":54},"end":{"line":38,"column":3}},"line":28},"2":{"name":"(anonymous_2)","decl":{"start":{"line":29,"column":39},"end":{"line":29,"column":40}},"loc":{"start":{"line":29,"column":52},"end":{"line":29,"column":66}},"line":29},"3":{"name":"(anonymous_3)","decl":{"start":{"line":32,"column":36},"end":{"line":32,"column":37}},"loc":{"start":{"line":32,"column":47},"end":{"line":35,"column":5}},"line":32},"4":{"name":"(anonymous_4)","decl":{"start":{"line":34,"column":32},"end":{"line":34,"column":33}},"loc":{"start":{"line":34,"column":45},"end":{"line":34,"column":68}},"line":34},"5":{"name":"(anonymous_5)","decl":{"start":{"line":44,"column":29},"end":{"line":44,"column":30}},"loc":{"start":{"line":44,"column":35},"end":{"line":44,"column":54}},"line":44},"6":{"name":"(anonymous_6)","decl":{"start":{"line":52,"column":39},"end":{"line":52,"column":40}},"loc":{"start":{"line":52,"column":50},"end":{"line":52,"column":55}},"line":52},"7":{"name":"(anonymous_7)","decl":{"start":{"line":56,"column":42},"end":{"line":56,"column":43}},"loc":{"start":{"line":56,"column":51},"end":{"line":56,"column":59}},"line":56},"8":{"name":"(anonymous_8)","decl":{"start":{"line":65,"column":22},"end":{"line":65,"column":23}},"loc":{"start":{"line":66,"column":12},"end":{"line":71,"column":14}},"line":66},"9":{"name":"(anonymous_9)","decl":{"start":{"line":68,"column":30},"end":{"line":68,"column":31}},"loc":{"start":{"line":69,"column":16},"end":{"line":69,"column":72}},"line":69},"10":{"name":"(anonymous_10)","decl":{"start":{"line":73,"column":24},"end":{"line":73,"column":25}},"loc":{"start":{"line":73,"column":41},"end":{"line":73,"column":65}},"line":73}},"branchMap":{"0":{"loc":{"start":{"line":40,"column":2},"end":{"line":77,"column":3}},"type":"if","locations":[{"start":{"line":40,"column":2},"end":{"line":77,"column":3}},{"start":{},"end":{}}],"line":40}},"s":{"0":0,"1":0,"2":0,"3":0,"4":0,"5":0,"6":0,"7":0,"8":0,"9":0,"10":0,"11":0,"12":0,"13":0,"14":0,"15":0,"16":0,"17":0,"18":0,"19":0,"20":0,"21":0},"f":{"0":0,"1":0,"2":0,"3":0,"4":0,"5":0,"6":0,"7":0,"8":0,"9":0,"10":0},"b":{"0":[0,0]}}
,"/Users/danlaurent/dev/TVMazeApp/src/screens/ShowDetails/interface.ts": {"path":"/Users/danlaurent/dev/TVMazeApp/src/screens/ShowDetails/interface.ts","statementMap":{},"fnMap":{},"branchMap":{},"s":{},"f":{},"b":{}}
,"/Users/danlaurent/dev/TVMazeApp/src/utils/fetch.ts": {"path":"/Users/danlaurent/dev/TVMazeApp/src/utils/fetch.ts","statementMap":{"0":{"start":{"line":1,"column":28},"end":{"line":9,"column":1}},"1":{"start":{"line":2,"column":2},"end":{"line":8,"column":3}},"2":{"start":{"line":3,"column":17},"end":{"line":3,"column":33}},"3":{"start":{"line":4,"column":21},"end":{"line":4,"column":38}},"4":{"start":{"line":5,"column":4},"end":{"line":5,"column":20}},"5":{"start":{"line":7,"column":4},"end":{"line":7,"column":16}}},"fnMap":{"0":{"name":"(anonymous_0)","decl":{"start":{"line":1,"column":28},"end":{"line":1,"column":29}},"loc":{"start":{"line":1,"column":66},"end":{"line":9,"column":1}},"line":1}},"branchMap":{},"s":{"0":0,"1":0,"2":0,"3":0,"4":0,"5":0},"f":{"0":0},"b":{}}
,"/Users/danlaurent/dev/TVMazeApp/src/utils/search.ts": {"path":"/Users/danlaurent/dev/TVMazeApp/src/utils/search.ts","statementMap":{"0":{"start":{"line":3,"column":35},"end":{"line":4,"column":38}},"1":{"start":{"line":4,"column":2},"end":{"line":4,"column":38}},"2":{"start":{"line":4,"column":26},"end":{"line":4,"column":37}}},"fnMap":{"0":{"name":"(anonymous_0)","decl":{"start":{"line":3,"column":35},"end":{"line":3,"column":36}},"loc":{"start":{"line":4,"column":2},"end":{"line":4,"column":38}},"line":4},"1":{"name":"(anonymous_1)","decl":{"start":{"line":4,"column":14},"end":{"line":4,"column":15}},"loc":{"start":{"line":4,"column":26},"end":{"line":4,"column":37}},"line":4}},"branchMap":{},"s":{"0":0,"1":0,"2":0},"f":{"0":0,"1":0},"b":{}}
,"/Users/danlaurent/dev/TVMazeApp/src/utils/url.ts": {"path":"/Users/danlaurent/dev/TVMazeApp/src/utils/url.ts","statementMap":{"0":{"start":{"line":1,"column":33},"end":{"line":9,"column":1}},"1":{"start":{"line":2,"column":2},"end":{"line":7,"column":3}},"2":{"start":{"line":3,"column":19},"end":{"line":5,"column":16}},"3":{"start":{"line":4,"column":20},"end":{"line":4,"column":44}},"4":{"start":{"line":6,"column":4},"end":{"line":6,"column":30}},"5":{"start":{"line":8,"column":2},"end":{"line":8,"column":13}}},"fnMap":{"0":{"name":"(anonymous_0)","decl":{"start":{"line":1,"column":33},"end":{"line":1,"column":34}},"loc":{"start":{"line":1,"column":65},"end":{"line":9,"column":1}},"line":1},"1":{"name":"(anonymous_1)","decl":{"start":{"line":4,"column":11},"end":{"line":4,"column":12}},"loc":{"start":{"line":4,"column":20},"end":{"line":4,"column":44}},"line":4}},"branchMap":{"0":{"loc":{"start":{"line":2,"column":2},"end":{"line":7,"column":3}},"type":"if","locations":[{"start":{"line":2,"column":2},"end":{"line":7,"column":3}},{"start":{},"end":{}}],"line":2}},"s":{"0":0,"1":0,"2":0,"3":0,"4":0,"5":0},"f":{"0":0,"1":0},"b":{"0":[0,0]}}
}
